<?xml version="1.0" encoding="UTF-8"?>
<!-- Generated by org.testng.reporters.JUnitReportReporter -->
<testsuite hostname="Reka" failures="0" tests="1" name="test.CartTest" time="20.938" errors="0" timestamp="2025-02-28T16:56:34 CST" skipped="0">
  <testcase classname="test.CartTest" name="testCartItems" time="20.938"/>
</testsuite> <!-- test.CartTest -->
