<?xml version="1.0" encoding="UTF-8"?>
<!-- Generated by org.testng.reporters.JUnitReportReporter -->
<testsuite hostname="Reka" failures="0" tests="3" name="test.SearchTest" time="12.432" errors="0" timestamp="2025-03-04T07:39:59 CST" skipped="0">
  <testcase classname="test.SearchTest" name="openHomePage" time="3.073"/>
  <testcase classname="test.SearchTest" name="testAmazonSearch" time="4.771"/>
  <testcase classname="test.SearchTest" name="verifyProductInSearchResult" time="4.588"/>
</testsuite> <!-- test.SearchTest -->
