<?xml version="1.0" encoding="UTF-8"?>
<!-- Generated by org.testng.reporters.JUnitReportReporter -->
<testsuite hostname="Reka" failures="0" tests="9" name="test.SearchTest" time="25.244" errors="0" timestamp="2025-03-05T16:58:03 CST" skipped="0">
  <testcase classname="test.SearchTest" name="openHomePage" time="4.632"/>
  <testcase classname="test.SearchTest" name="openHomePage" time="4.677"/>
  <testcase classname="test.SearchTest" name="openHomePage" time="3.518"/>
  <testcase classname="test.SearchTest" name="testAmazonSearch" time="3.928"/>
  <testcase classname="test.SearchTest" name="testAmazonSearch" time="4.047"/>
  <testcase classname="test.SearchTest" name="testAmazonSearch" time="3.328"/>
  <testcase classname="test.SearchTest" name="verifyProductInSearchResult" time="0.309"/>
  <testcase classname="test.SearchTest" name="verifyProductInSearchResult" time="0.297"/>
  <testcase classname="test.SearchTest" name="verifyProductInSearchResult" time="0.508"/>
</testsuite> <!-- test.SearchTest -->
