<?xml version="1.0" encoding="UTF-8"?>
<!-- Generated by org.testng.reporters.JUnitReportReporter -->
<testsuite hostname="Reka" failures="0" tests="3" name="test.SearchTest" time="15.513" errors="0" timestamp="2025-03-04T14:13:25 CST" skipped="0">
  <testcase classname="test.SearchTest" name="openHomePage" time="2.871"/>
  <testcase classname="test.SearchTest" name="testAmazonSearch" time="8.169"/>
  <testcase classname="test.SearchTest" name="verifyProductInSearchResult" time="4.473"/>
</testsuite> <!-- test.SearchTest -->
