<?xml version="1.0" encoding="UTF-8"?>
<!-- Generated by org.testng.reporters.JUnitReportReporter -->
<testsuite hostname="Reka" failures="0" tests="3" name="test.SearchTest" time="14.984" errors="0" timestamp="2025-03-03T11:16:43 CST" skipped="0">
  <testcase classname="test.SearchTest" name="openHomePage" time="2.617"/>
  <testcase classname="test.SearchTest" name="testAmazonSearch" time="6.872"/>
  <testcase classname="test.SearchTest" name="verifyProductInSearchResult" time="5.495"/>
</testsuite> <!-- test.SearchTest -->
