<?xml version="1.0" encoding="UTF-8"?>
<!-- Generated by org.testng.reporters.JUnitReportReporter -->
<testsuite hostname="Reka" failures="0" tests="3" name="test.SearchTest" time="10.326" errors="0" timestamp="2025-02-27T09:24:37 CST" skipped="0">
  <testcase classname="test.SearchTest" name="openHomePage" time="2.823"/>
  <testcase classname="test.SearchTest" name="testAmazonSearch" time="3.201"/>
  <testcase classname="test.SearchTest" name="verifyProductInSearchResult" time="4.302"/>
</testsuite> <!-- test.SearchTest -->
