<?xml version="1.0" encoding="UTF-8"?>
<!-- Generated by org.testng.reporters.JUnitReportReporter -->
<testsuite hostname="Reka" failures="0" tests="2" name="test.ProductTest" time="48.579" errors="0" timestamp="2025-02-28T21:39:40 CST" skipped="0">
  <testcase classname="test.ProductTest" name="testAddToCart" time="2.644"/>
  <testcase classname="test.ProductTest" name="testCartSuccessMessage" time="45.935"/>
</testsuite> <!-- test.ProductTest -->
