<?xml version="1.0" encoding="UTF-8"?>
<!-- Generated by org.testng.reporters.JUnitReportReporter -->
<testsuite hostname="Reka" failures="0" tests="6" name="test.ProductTest" time="59.183" errors="0" timestamp="2025-03-05T16:58:03 CST" skipped="0">
  <testcase classname="test.ProductTest" name="testAddToCart" time="4.286"/>
  <testcase classname="test.ProductTest" name="testAddToCart" time="5.122"/>
  <testcase classname="test.ProductTest" name="testAddToCart" time="5.474"/>
  <testcase classname="test.ProductTest" name="testCartSuccessMessage" time="13.966"/>
  <testcase classname="test.ProductTest" name="testCartSuccessMessage" time="15.519"/>
  <testcase classname="test.ProductTest" name="testCartSuccessMessage" time="14.816"/>
</testsuite> <!-- test.ProductTest -->
