<?xml version="1.0" encoding="UTF-8"?>
<!-- Generated by org.testng.reporters.JUnitReportReporter -->
<testsuite hostname="Reka" failures="0" tests="2" name="test.ProductTest" time="44.497" errors="0" timestamp="2025-03-04T14:13:25 CST" skipped="0">
  <testcase classname="test.ProductTest" name="testAddToCart" time="0.661"/>
  <testcase classname="test.ProductTest" name="testCartSuccessMessage" time="43.836"/>
</testsuite> <!-- test.ProductTest -->
