<?xml version="1.0" encoding="UTF-8"?>
<!-- Generated by org.testng.reporters.JUnitReportReporter -->
<testsuite hostname="Reka" failures="0" tests="1" name="test.CartTest" time="0.263" errors="0" timestamp="2025-03-04T07:39:59 CST" skipped="0">
  <testcase classname="test.CartTest" name="testCartItems" time="0.263"/>
</testsuite> <!-- test.CartTest -->
