<?xml version="1.0" encoding="UTF-8"?>
<!-- Generated by org.testng.reporters.JUnitReportReporter -->
<testsuite hostname="Reka" failures="0" tests="2" name="test.ProductTest" time="45.626" errors="0" timestamp="2025-03-03T11:16:43 CST" skipped="0">
  <testcase classname="test.ProductTest" name="testAddToCart" time="0.879"/>
  <testcase classname="test.ProductTest" name="testCartSuccessMessage" time="44.747"/>
</testsuite> <!-- test.ProductTest -->
