<?xml version="1.0" encoding="UTF-8"?>
<!-- Generated by org.testng.reporters.JUnitReportReporter -->
<testsuite hostname="Reka" failures="0" tests="3" name="test.SearchTest" time="25.596" errors="0" timestamp="2025-02-28T21:39:40 CST" skipped="0">
  <testcase classname="test.SearchTest" name="openHomePage" time="3.287"/>
  <testcase classname="test.SearchTest" name="testAmazonSearch" time="6.750"/>
  <testcase classname="test.SearchTest" name="verifyProductInSearchResult" time="15.559"/>
</testsuite> <!-- test.SearchTest -->
