<?xml version="1.0" encoding="UTF-8"?>
<!-- Generated by org.testng.reporters.JUnitReportReporter -->
<testsuite hostname="Reka" failures="0" tests="1" name="test.CartTest" time="0.294" errors="0" timestamp="2025-03-03T11:16:43 CST" skipped="0">
  <testcase classname="test.CartTest" name="testCartItems" time="0.294"/>
</testsuite> <!-- test.CartTest -->
