<?xml version="1.0" encoding="UTF-8"?>
<!-- Generated by org.testng.reporters.JUnitReportReporter -->
<testsuite hostname="Reka" failures="0" tests="3" name="test.CartTest" time="0.470" errors="0" timestamp="2025-03-05T16:58:03 CST" skipped="0">
  <testcase classname="test.CartTest" name="testCartItems" time="0.139"/>
  <testcase classname="test.CartTest" name="testCartItems" time="0.181"/>
  <testcase classname="test.CartTest" name="testCartItems" time="0.150"/>
</testsuite> <!-- test.CartTest -->
