<?xml version="1.0" encoding="UTF-8"?>
<!-- Generated by org.testng.reporters.JUnitReportReporter -->
<testsuite hostname="Reka" failures="0" tests="1" name="test.CartTest" time="1.643" errors="0" timestamp="2025-02-28T21:39:40 CST" skipped="0">
  <testcase classname="test.CartTest" name="testCartItems" time="1.643"/>
</testsuite> <!-- test.CartTest -->
